# JRE version: OpenJDK Runtime Environment Temurin-21.0.9+10 (21.0.9+10) (build 21.0.9+10-LTS)
# Java VM: OpenJDK 64-Bit Server VM Temurin-21.0.9+10 (21.0.9+10-LTS, mixed mode, emulated-client, sharing, tiered, compressed oops, compressed class ptrs, g1 gc, windows-amd64)
GC Precious Log:
 CardTable entry size: 512
 Card Set container configuration: InlinePtr #cards 5 size 8 Array Of Cards #cards 12 size 40 Howl #buckets 4 coarsen threshold 1843 Howl Bitmap #cards 512 size 80 coarsen threshold 460 Card regions per heap region 1 cards per card region 2048
 CPUs: 8 total, 8 available
 Memory: 7879M
 Large Page Support: Disabled
 NUMA Support: Disabled
 Compressed Oops: Enabled (32-bit)
 Heap Region Size: 1M
 Heap Min Capacity: 8M
 Heap Initial Capacity: 124M
 Heap Max Capacity: 1970M
 Pre-touch: Disabled
 Parallel Workers: 8
 Concurrent Workers: 2
 Concurrent Refinement Workers: 8
 Periodic GC: Disabled
Heap:
 garbage-first heap   total 102400K, used 34421K [0x0000000084e00000, 0x0000000100000000)
  region size 1024K, 8 young (8192K), 5 survivors (5120K)
 Metaspace       used 75698K, committed 76480K, reserved 1179648K
  class space    used 10597K, committed 10944K, reserved 1048576K
GC Heap History (20 events):
Event: 3.237 GC heap before
{Heap before GC invocations=14 (full 0):
 garbage-first heap   total 70656K, used 58452K [0x0000000084e00000, 0x0000000100000000)
  region size 1024K, 41 young (41984K), 5 survivors (5120K)
 Metaspace       used 37552K, committed 38208K, reserved 1114112K
  class space    used 5112K, committed 5376K, reserved 1048576K
}
Event: 3.242 GC heap after
{Heap after GC invocations=15 (full 0):
 garbage-first heap   total 70656K, used 23173K [0x0000000084e00000, 0x0000000100000000)
  region size 1024K, 4 young (4096K), 4 survivors (4096K)
 Metaspace       used 37552K, committed 38208K, reserved 1114112K
  class space    used 5112K, committed 5376K, reserved 1048576K
}
Event: 3.453 GC heap before
{Heap before GC invocations=15 (full 0):
 garbage-first heap   total 70656K, used 61061K [0x0000000084e00000, 0x0000000100000000)
  region size 1024K, 41 young (41984K), 4 survivors (4096K)
 Metaspace       used 40872K, committed 41536K, reserved 1114112K
  class space    used 5540K, committed 5824K, reserved 1048576K
}
Event: 3.456 GC heap after
{Heap after GC invocations=16 (full 0):
 garbage-first heap   total 70656K, used 23379K [0x0000000084e00000, 0x0000000100000000)
  region size 1024K, 2 young (2048K), 2 survivors (2048K)
 Metaspace       used 40872K, committed 41536K, reserved 1114112K
  class space    used 5540K, committed 5824K, reserved 1048576K
}
Event: 3.750 GC heap before
{Heap before GC invocations=16 (full 0):
 garbage-first heap   total 70656K, used 63315K [0x0000000084e00000, 0x0000000100000000)
  region size 1024K, 41 young (41984K), 2 survivors (2048K)
 Metaspace       used 44145K, committed 44736K, reserved 1114112K
  class space    used 6203K, committed 6464K, reserved 1048576K
}
Event: 3.754 GC heap after
{Heap after GC invocations=17 (full 0):
 garbage-first heap   total 84992K, used 24510K [0x0000000084e00000, 0x0000000100000000)
  region size 1024K, 3 young (3072K), 3 survivors (3072K)
 Metaspace       used 44145K, committed 44736K, reserved 1114112K
  class space    used 6203K, committed 6464K, reserved 1048576K
}
Event: 4.077 GC heap before
{Heap before GC invocations=17 (full 0):
 garbage-first heap   total 84992K, used 71614K [0x0000000084e00000, 0x0000000100000000)
  region size 1024K, 49 young (50176K), 3 survivors (3072K)
 Metaspace       used 48449K, committed 49024K, reserved 1114112K
  class space    used 6849K, committed 7104K, reserved 1048576K
}
Event: 4.081 GC heap after
{Heap after GC invocations=18 (full 0):
 garbage-first heap   total 84992K, used 26219K [0x0000000084e00000, 0x0000000100000000)
  region size 1024K, 5 young (5120K), 5 survivors (5120K)
 Metaspace       used 48449K, committed 49024K, reserved 1114112K
  class space    used 6849K, committed 7104K, reserved 1048576K
}
Event: 4.106 GC heap before
{Heap before GC invocations=18 (full 0):
 garbage-first heap   total 84992K, used 30315K [0x0000000084e00000, 0x0000000100000000)
  region size 1024K, 10 young (10240K), 5 survivors (5120K)
 Metaspace       used 49025K, committed 49600K, reserved 1114112K
  class space    used 6901K, committed 7168K, reserved 1048576K
}
Event: 4.110 GC heap after
{Heap after GC invocations=19 (full 0):
 garbage-first heap   total 84992K, used 26016K [0x0000000084e00000, 0x0000000100000000)
  region size 1024K, 4 young (4096K), 4 survivors (4096K)
 Metaspace       used 49025K, committed 49600K, reserved 1114112K
  class space    used 6901K, committed 7168K, reserved 1048576K
}
Event: 4.599 GC heap before
{Heap before GC invocations=20 (full 0):
 garbage-first heap   total 84992K, used 71072K [0x0000000084e00000, 0x0000000100000000)
  region size 1024K, 49 young (50176K), 4 survivors (4096K)
 Metaspace       used 56054K, committed 56768K, reserved 1114112K
  class space    used 7822K, committed 8128K, reserved 1048576K
}
Event: 4.603 GC heap after
{Heap after GC invocations=21 (full 0):
 garbage-first heap   total 84992K, used 27908K [0x0000000084e00000, 0x0000000100000000)
  region size 1024K, 6 young (6144K), 6 survivors (6144K)
 Metaspace       used 56054K, committed 56768K, reserved 1114112K
  class space    used 7822K, committed 8128K, reserved 1048576K
}
Event: 4.904 GC heap before
{Heap before GC invocations=21 (full 0):
 garbage-first heap   total 84992K, used 71940K [0x0000000084e00000, 0x0000000100000000)
  region size 1024K, 49 young (50176K), 6 survivors (6144K)
 Metaspace       used 59986K, committed 60608K, reserved 1114112K
  class space    used 8277K, committed 8576K, reserved 1048576K
}
Event: 4.908 GC heap after
{Heap after GC invocations=22 (full 0):
 garbage-first heap   total 84992K, used 28584K [0x0000000084e00000, 0x0000000100000000)
  region size 1024K, 5 young (5120K), 5 survivors (5120K)
 Metaspace       used 59986K, committed 60608K, reserved 1114112K
  class space    used 8277K, committed 8576K, reserved 1048576K
}
Event: 5.211 GC heap before
{Heap before GC invocations=22 (full 0):
 garbage-first heap   total 84992K, used 72616K [0x0000000084e00000, 0x0000000100000000)
  region size 1024K, 49 young (50176K), 5 survivors (5120K)
 Metaspace       used 65259K, committed 65984K, reserved 1114112K
  class space    used 9026K, committed 9344K, reserved 1048576K
}
Event: 5.215 GC heap after
{Heap after GC invocations=23 (full 0):
 garbage-first heap   total 102400K, used 29438K [0x0000000084e00000, 0x0000000100000000)
  region size 1024K, 4 young (4096K), 4 survivors (4096K)
 Metaspace       used 65259K, committed 65984K, reserved 1114112K
  class space    used 9026K, committed 9344K, reserved 1048576K
}
Event: 5.646 GC heap before
{Heap before GC invocations=23 (full 0):
 garbage-first heap   total 102400K, used 86782K [0x0000000084e00000, 0x0000000100000000)
  region size 1024K, 60 young (61440K), 4 survivors (4096K)
 Metaspace       used 70396K, committed 71040K, reserved 1114112K
  class space    used 9892K, committed 10176K, reserved 1048576K
}
Event: 5.650 GC heap after
{Heap after GC invocations=24 (full 0):
 garbage-first heap   total 102400K, used 30233K [0x0000000084e00000, 0x0000000100000000)
  region size 1024K, 5 young (5120K), 5 survivors (5120K)
 Metaspace       used 70396K, committed 71040K, reserved 1114112K
  class space    used 9892K, committed 10176K, reserved 1048576K
}
Event: 6.165 GC heap before
{Heap before GC invocations=24 (full 0):
 garbage-first heap   total 102400K, used 86553K [0x0000000084e00000, 0x0000000100000000)
  region size 1024K, 60 young (61440K), 5 survivors (5120K)
 Metaspace       used 75654K, committed 76416K, reserved 1179648K
  class space    used 10590K, committed 10944K, reserved 1048576K
}
Event: 6.171 GC heap after
{Heap after GC invocations=25 (full 0):
 garbage-first heap   total 102400K, used 32373K [0x0000000084e00000, 0x0000000100000000)
  region size 1024K, 5 young (5120K), 5 survivors (5120K)
 Metaspace       used 75654K, committed 76416K, reserved 1179648K
  class space    used 10590K, committed 10944K, reserved 1048576K
}

